2024/4/28 10:50:26 
2024/4/28 10:50:26 ------------------- Start (ODBC) data source update or creation --------------------
2024/4/28 10:50:38 ------------------- End data source update or creation --------------------
2024/4/28 10:50:38 [CONQUESTSRV1] Create Database: conquest, user: root, password: assword
2024/4/28 10:50:38 [CONQUESTSRV1] succesfully created database
2024/4/28 10:50:38 [CONQUESTSRV1]  ----------------------------------
2024/4/28 10:50:43 
2024/4/28 10:50:43 ------------------- Start TCP/IP test --------------------
2024/4/28 10:50:43 [CONQUESTSRV1] This output is generated by the dicom server application
2024/4/28 10:50:43 [CONQUESTSRV1] If you can read this, the console communication is OK
2024/4/28 10:50:43 [CONQUESTSRV1] This is systemdebug output; can you read this ?
2024/4/28 10:50:43 [CONQUESTSRV1] This is a very long text output for testing -- This is a very long text output for testing -- This is a very long text output for testing -- This is a very long text output for testing -- This is a very long text output for testing -- This is a very long text output for testing -- 
2024/4/28 10:50:43 [CONQUESTSRV1]  ---------- Succesful end of test -----------
2024/4/28 10:50:44 
2024/4/28 10:50:44 ------------------- Start ODBC test --------------------
2024/4/28 10:50:44 [CONQUESTSRV1] Attempting to open database; test #1 of 10
2024/4/28 10:50:44 [CONQUESTSRV1] Creating test table
2024/4/28 10:50:44 [CONQUESTSRV1] Adding a record
2024/4/28 10:50:44 [CONQUESTSRV1] Dropping test table
2024/4/28 10:50:44 [CONQUESTSRV1] Closing database
2024/4/28 10:50:44 [CONQUESTSRV1] Attempting to open database; test #2 of 10
2024/4/28 10:50:44 [CONQUESTSRV1] Creating test table
2024/4/28 10:50:44 [CONQUESTSRV1] Adding a record
2024/4/28 10:50:44 [CONQUESTSRV1] Dropping test table
2024/4/28 10:50:44 [CONQUESTSRV1] Closing database
2024/4/28 10:50:44 [CONQUESTSRV1] Attempting to open database; test #3 of 10
2024/4/28 10:50:44 [CONQUESTSRV1] Creating test table
2024/4/28 10:50:44 [CONQUESTSRV1] Adding a record
2024/4/28 10:50:44 [CONQUESTSRV1] Dropping test table
2024/4/28 10:50:44 [CONQUESTSRV1] Closing database
2024/4/28 10:50:44 [CONQUESTSRV1] Attempting to open database; test #4 of 10
2024/4/28 10:50:44 [CONQUESTSRV1] Creating test table
2024/4/28 10:50:44 [CONQUESTSRV1] Adding a record
2024/4/28 10:50:44 [CONQUESTSRV1] Dropping test table
2024/4/28 10:50:44 [CONQUESTSRV1] Closing database
2024/4/28 10:50:44 [CONQUESTSRV1] Attempting to open database; test #5 of 10
2024/4/28 10:50:44 [CONQUESTSRV1] Creating test table
2024/4/28 10:50:44 [CONQUESTSRV1] Adding a record
2024/4/28 10:50:44 [CONQUESTSRV1] Dropping test table
2024/4/28 10:50:44 [CONQUESTSRV1] Closing database
2024/4/28 10:50:44 [CONQUESTSRV1] Attempting to open database; test #6 of 10
2024/4/28 10:50:44 [CONQUESTSRV1] Creating test table
2024/4/28 10:50:44 [CONQUESTSRV1] Adding a record
2024/4/28 10:50:44 [CONQUESTSRV1] Dropping test table
2024/4/28 10:50:44 [CONQUESTSRV1] Closing database
2024/4/28 10:50:44 [CONQUESTSRV1] Attempting to open database; test #7 of 10
2024/4/28 10:50:44 [CONQUESTSRV1] Creating test table
2024/4/28 10:50:44 [CONQUESTSRV1] Adding a record
2024/4/28 10:50:45 [CONQUESTSRV1] Dropping test table
2024/4/28 10:50:45 [CONQUESTSRV1] Closing database
2024/4/28 10:50:45 [CONQUESTSRV1] Attempting to open database; test #8 of 10
2024/4/28 10:50:45 [CONQUESTSRV1] Creating test table
2024/4/28 10:50:45 [CONQUESTSRV1] Adding a record
2024/4/28 10:50:45 [CONQUESTSRV1] Dropping test table
2024/4/28 10:50:45 [CONQUESTSRV1] Closing database
2024/4/28 10:50:45 [CONQUESTSRV1] Attempting to open database; test #9 of 10
2024/4/28 10:50:45 [CONQUESTSRV1] Creating test table
2024/4/28 10:50:45 [CONQUESTSRV1] Adding a record
2024/4/28 10:50:45 [CONQUESTSRV1] Dropping test table
2024/4/28 10:50:45 [CONQUESTSRV1] Closing database
2024/4/28 10:50:45 [CONQUESTSRV1] Attempting to open database; test #10 of 10
2024/4/28 10:50:45 [CONQUESTSRV1] Creating test table
2024/4/28 10:50:45 [CONQUESTSRV1] Adding a record
2024/4/28 10:50:45 [CONQUESTSRV1] Dropping test table
2024/4/28 10:50:45 [CONQUESTSRV1] Closing database
2024/4/28 10:50:45 [CONQUESTSRV1]  ---------- Succesful end of test -----------
2024/4/28 10:50:47 
2024/4/28 10:50:47 ------------------- Start database init and regeneration --------------------
2024/4/28 10:50:48 [CONQUESTSRV1] Regen Database
2024/4/28 10:50:48 [CONQUESTSRV1] Step 1: Re-intialize SQL Tables
2024/4/28 10:50:48 [CONQUESTSRV1] ***Failed MYSQLExec : DROP TABLE DICOMWorkList
2024/4/28 10:50:48 [CONQUESTSRV1] ***Error: Unknown table 'dicomworklist'
2024/4/28 10:50:48 [CONQUESTSRV1] ***Failed MYSQLExec : DROP TABLE DICOMPatients
2024/4/28 10:50:48 [CONQUESTSRV1] ***Error: Unknown table 'dicompatients'
2024/4/28 10:50:48 [CONQUESTSRV1] ***Failed MYSQLExec : DROP TABLE DICOMStudies
2024/4/28 10:50:48 [CONQUESTSRV1] ***Error: Unknown table 'dicomstudies'
2024/4/28 10:50:48 [CONQUESTSRV1] ***Failed MYSQLExec : DROP TABLE DICOMSeries
2024/4/28 10:50:48 [CONQUESTSRV1] ***Error: Unknown table 'dicomseries'
2024/4/28 10:50:48 [CONQUESTSRV1] ***Failed MYSQLExec : DROP TABLE DICOMImages
2024/4/28 10:50:48 [CONQUESTSRV1] ***Error: Unknown table 'dicomimages'
2024/4/28 10:50:48 [CONQUESTSRV1] ***Failed MYSQLExec : DROP TABLE UIDMODS
2024/4/28 10:50:48 [CONQUESTSRV1] ***Error: Unknown table 'uidmods'
2024/4/28 10:50:49 [CONQUESTSRV1] Step 2: Load / Add DICOM Object files
2024/4/28 10:50:49 [CONQUESTSRV1] [Regen] d:\program files (x86)\dicomserver\data\0009703828\1.3.46.670589.5.2.10.2156913941.892665339.860724_0001_002000_14579035620000.dcm -SUCCESS
2024/4/28 10:50:49 [CONQUESTSRV1] [Regen] d:\program files (x86)\dicomserver\data\0009703828\1.3.46.670589.5.2.10.2156913941.892665339.860724_0001_003000_14579035620001.dcm -SUCCESS
2024/4/28 10:50:49 [CONQUESTSRV1] Regeneration Complete
2024/4/28 10:50:50 ------------------- Finished database regeneration --------------------
